<?xml version="1.0" encoding="UTF-8"?>
<!-- Generated by org.testng.reporters.JUnitReportReporter -->
<testsuite name="test.test.BeckyTest" tests="1" time="11.710" ignored="0" failures="0" timestamp="11 Jan 2018 14:43:36 GMT" skipped="0" hostname="STUDENT10" errors="0">
  <testcase name="cookieTest" time="11.710" classname="test.test.BeckyTest"/>
</testsuite> <!-- test.test.BeckyTest -->
